<?xml version="1.0" encoding="UTF-8"?>
<testsuite xmlns:xsi="http://www.w3.org/2001/XMLSchema-instance" xsi:noNamespaceSchemaLocation="https://maven.apache.org/surefire/maven-surefire-plugin/xsd/surefire-test-report-3.0.xsd" version="3.0" name="com.military.aircraft.KafkaProducerServiceIntegrationTest" time="3.969" tests="1" errors="0" skipped="0" failures="0">
  <properties>
[...]
</properties>
  <testcase name="sendAll_producesToRealKafka_consumerReceivesMessages" classname="com.military.aircraft.KafkaProducerServiceIntegrationTest" time="1.068">
    <system-out><![CDATA[22:28:56.906 [main] INFO  o.testcontainers.images.PullPolicy - Image pull policy will be performed by: DefaultPullPolicy()
22:28:56.907 [main] INFO  o.t.utility.ImageNameSubstitutor - Image name substitution will be performed by: DefaultImageNameSubstitutor (composite of 'ConfigurationFileImageNameSubstitutor' and 'PrefixingImageNameSubstitutor')
22:28:56.909 [main] INFO  o.testcontainers.DockerClientFactory - Testcontainers version: 1.21.4
22:28:56.976 [main] INFO  o.t.d.DockerClientProviderStrategy - Loaded org.testcontainers.dockerclient.UnixSocketClientProviderStrategy from ~/.testcontainers.properties, will try it first
22:28:57.069 [main] INFO  o.t.d.DockerClientProviderStrategy - Found Docker environment with Environment variables, system properties and defaults. Resolved dockerHost=unix:///Users/edwinbrown/.docker/run/docker.sock
22:28:57.070 [main] INFO  o.testcontainers.DockerClientFactory - Docker host IP address is localhost
22:28:57.082 [main] INFO  o.testcontainers.DockerClientFactory - Connected to docker: 
  Server Version: 29.1.3
  API Version: 1.52
  Operating System: Docker Desktop
  Total Memory: 15972 MB
  Labels: 
    com.docker.desktop.address=unix:///Users/edwinbrown/Library/Containers/com.docker.docker/Data/docker-cli.sock
22:28:57.087 [main] WARN  o.t.u.ConfigurationFileImageNameSubstitutor - Image name testcontainers/ryuk:0.12.0 was substituted by configuration to testcontainers/ryuk:0.5.1. This approach is deprecated and will be removed in the future
22:28:57.087 [main] INFO  o.t.utility.ImageNameSubstitutor - Using testcontainers/ryuk:0.5.1 as a substitute image for testcontainers/ryuk:0.12.0 (using image substitutor: DefaultImageNameSubstitutor (composite of 'ConfigurationFileImageNameSubstitutor' and 'PrefixingImageNameSubstitutor'))
22:28:57.147 [main] INFO  tc.testcontainers/ryuk:0.5.1 - Creating container for image: testcontainers/ryuk:0.5.1
22:28:57.239 [main] INFO  o.t.utility.RegistryAuthLocator - Credential helper/store (docker-credential-desktop) does not have credentials for https://index.docker.io/v1/
22:28:57.298 [main] INFO  tc.testcontainers/ryuk:0.5.1 - Container testcontainers/ryuk:0.5.1 is starting: 6855e665c06cdf441e3367d355ff13f68fa73c10de7120a4f1f68ea3b0ac6bf2
22:28:57.445 [main] INFO  tc.testcontainers/ryuk:0.5.1 - Container testcontainers/ryuk:0.5.1 started in PT0.297797S
22:28:57.447 [main] INFO  o.t.utility.RyukResourceReaper - Ryuk started - will monitor and terminate Testcontainers containers on JVM exit
22:28:57.448 [main] INFO  tc.confluentinc/cp-kafka:7.5.0 - Creating container for image: confluentinc/cp-kafka:7.5.0
22:28:57.470 [main] INFO  tc.confluentinc/cp-kafka:7.5.0 - Container confluentinc/cp-kafka:7.5.0 is starting: d9f5f4a7033e67da8a7cc8f1dde1c90dcfe8261c5646aae3a057cbd55b776459
22:28:59.517 [main] INFO  tc.confluentinc/cp-kafka:7.5.0 - Container confluentinc/cp-kafka:7.5.0 started in PT2.069333S
22:28:59.537 [main] INFO  o.a.k.c.producer.ProducerConfig - ProducerConfig values: 
	acks = -1
	auto.include.jmx.reporter = true
	batch.size = 16384
	bootstrap.servers = [PLAINTEXT://localhost:63842]
	buffer.memory = 33554432
	client.dns.lookup = use_all_dns_ips
	client.id = producer-1
	compression.type = none
	connections.max.idle.ms = 540000
	delivery.timeout.ms = 120000
	enable.idempotence = true
	enable.metrics.push = true
	interceptor.classes = []
	key.serializer = class org.apache.kafka.common.serialization.StringSerializer
	linger.ms = 0
	max.block.ms = 60000
	max.in.flight.requests.per.connection = 5
	max.request.size = 1048576
	metadata.max.age.ms = 300000
	metadata.max.idle.ms = 300000
	metric.reporters = []
	metrics.num.samples = 2
	metrics.recording.level = INFO
	metrics.sample.window.ms = 30000
	partitioner.adaptive.partitioning.enable = true
	partitioner.availability.timeout.ms = 0
	partitioner.class = null
	partitioner.ignore.keys = false
	receive.buffer.bytes = 32768
	reconnect.backoff.max.ms = 1000
	reconnect.backoff.ms = 50
	request.timeout.ms = 30000
	retries = 2147483647
	retry.backoff.max.ms = 1000
	retry.backoff.ms = 100
	sasl.client.callback.handler.class = null
	sasl.jaas.config = null
	sasl.kerberos.kinit.cmd = /usr/bin/kinit
	sasl.kerberos.min.time.before.relogin = 60000
	sasl.kerberos.service.name = null
	sasl.kerberos.ticket.renew.jitter = 0.05
	sasl.kerberos.ticket.renew.window.factor = 0.8
	sasl.login.callback.handler.class = null
	sasl.login.class = null
	sasl.login.connect.timeout.ms = null
	sasl.login.read.timeout.ms = null
	sasl.login.refresh.buffer.seconds = 300
	sasl.login.refresh.min.period.seconds = 60
	sasl.login.refresh.window.factor = 0.8
	sasl.login.refresh.window.jitter = 0.05
	sasl.login.retry.backoff.max.ms = 10000
	sasl.login.retry.backoff.ms = 100
	sasl.mechanism = GSSAPI
	sasl.oauthbearer.clock.skew.seconds = 30
	sasl.oauthbearer.expected.audience = null
	sasl.oauthbearer.expected.issuer = null
	sasl.oauthbearer.jwks.endpoint.refresh.ms = 3600000
	sasl.oauthbearer.jwks.endpoint.retry.backoff.max.ms = 10000
	sasl.oauthbearer.jwks.endpoint.retry.backoff.ms = 100
	sasl.oauthbearer.jwks.endpoint.url = null
	sasl.oauthbearer.scope.claim.name = scope
	sasl.oauthbearer.sub.claim.name = sub
	sasl.oauthbearer.token.endpoint.url = null
	security.protocol = PLAINTEXT
	security.providers = null
	send.buffer.bytes = 131072
	socket.connection.setup.timeout.max.ms = 30000
	socket.connection.setup.timeout.ms = 10000
	ssl.cipher.suites = null
	ssl.enabled.protocols = [TLSv1.2, TLSv1.3]
	ssl.endpoint.identification.algorithm = https
	ssl.engine.factory.class = null
	ssl.key.password = null
	ssl.keymanager.algorithm = SunX509
	ssl.keystore.certificate.chain = null
	ssl.keystore.key = null
	ssl.keystore.location = null
	ssl.keystore.password = null
	ssl.keystore.type = JKS
	ssl.protocol = TLSv1.3
	ssl.provider = null
	ssl.secure.random.implementation = null
	ssl.trustmanager.algorithm = PKIX
	ssl.truststore.certificates = null
	ssl.truststore.location = null
	ssl.truststore.password = null
	ssl.truststore.type = JKS
	transaction.timeout.ms = 60000
	transactional.id = null
	value.serializer = class org.apache.kafka.common.serialization.StringSerializer

22:28:59.550 [main] INFO  o.a.k.c.t.i.KafkaMetricsCollector - initializing Kafka metrics collector
22:28:59.584 [main] INFO  o.a.k.clients.producer.KafkaProducer - [Producer clientId=producer-1] Instantiated an idempotent producer.
22:28:59.598 [main] INFO  o.a.kafka.common.utils.AppInfoParser - Kafka version: 3.7.0
22:28:59.598 [main] INFO  o.a.kafka.common.utils.AppInfoParser - Kafka commitId: 2ae524ed625438c5
22:28:59.598 [main] INFO  o.a.kafka.common.utils.AppInfoParser - Kafka startTimeMs: 1771817339597
22:28:59.718 [kafka-producer-network-thread | producer-1] WARN  o.apache.kafka.clients.NetworkClient - [Producer clientId=producer-1] Error while fetching metadata with correlation id 1 : {military_flights=LEADER_NOT_AVAILABLE}
22:28:59.719 [kafka-producer-network-thread | producer-1] INFO  org.apache.kafka.clients.Metadata - [Producer clientId=producer-1] Cluster ID: LBgqrEC2QAG68GUi_jLv4w
22:28:59.737 [kafka-producer-network-thread | producer-1] INFO  o.a.k.c.p.i.TransactionManager - [Producer clientId=producer-1] ProducerId set to 0 with epoch 0
22:28:59.860 [main] INFO  o.a.k.clients.producer.KafkaProducer - [Producer clientId=producer-1] Closing the Kafka producer with timeoutMillis = 9223372036854775807 ms.
22:28:59.862 [main] INFO  o.a.kafka.common.metrics.Metrics - Metrics scheduler closed
22:28:59.862 [main] INFO  o.a.kafka.common.metrics.Metrics - Closing reporter org.apache.kafka.common.metrics.JmxReporter
22:28:59.862 [main] INFO  o.a.kafka.common.metrics.Metrics - Closing reporter org.apache.kafka.common.telemetry.internals.ClientTelemetryReporter
22:28:59.862 [main] INFO  o.a.kafka.common.metrics.Metrics - Metrics reporters closed
22:28:59.862 [main] INFO  o.a.kafka.common.utils.AppInfoParser - App info kafka.producer for producer-1 unregistered
22:28:59.866 [main] INFO  o.a.k.c.consumer.ConsumerConfig - ConsumerConfig values: 
	allow.auto.create.topics = true
	auto.commit.interval.ms = 5000
	auto.include.jmx.reporter = true
	auto.offset.reset = earliest
	bootstrap.servers = [PLAINTEXT://localhost:63842]
	check.crcs = true
	client.dns.lookup = use_all_dns_ips
	client.id = consumer-test-consumer-1
	client.rack = 
	connections.max.idle.ms = 540000
	default.api.timeout.ms = 60000
	enable.auto.commit = true
	enable.metrics.push = true
	exclude.internal.topics = true
	fetch.max.bytes = 52428800
	fetch.max.wait.ms = 500
	fetch.min.bytes = 1
	group.id = test-consumer
	group.instance.id = null
	group.protocol = classic
	group.remote.assignor = null
	heartbeat.interval.ms = 3000
	interceptor.classes = []
	internal.leave.group.on.close = true
	internal.throw.on.fetch.stable.offset.unsupported = false
	isolation.level = read_uncommitted
	key.deserializer = class org.apache.kafka.common.serialization.StringDeserializer
	max.partition.fetch.bytes = 1048576
	max.poll.interval.ms = 300000
	max.poll.records = 500
	metadata.max.age.ms = 300000
	metric.reporters = []
	metrics.num.samples = 2
	metrics.recording.level = INFO
	metrics.sample.window.ms = 30000
	partition.assignment.strategy = [class org.apache.kafka.clients.consumer.RangeAssignor, class org.apache.kafka.clients.consumer.CooperativeStickyAssignor]
	receive.buffer.bytes = 65536
	reconnect.backoff.max.ms = 1000
	reconnect.backoff.ms = 50
	request.timeout.ms = 30000
	retry.backoff.max.ms = 1000
	retry.backoff.ms = 100
	sasl.client.callback.handler.class = null
	sasl.jaas.config = null
	sasl.kerberos.kinit.cmd = /usr/bin/kinit
	sasl.kerberos.min.time.before.relogin = 60000
	sasl.kerberos.service.name = null
	sasl.kerberos.ticket.renew.jitter = 0.05
	sasl.kerberos.ticket.renew.window.factor = 0.8
	sasl.login.callback.handler.class = null
	sasl.login.class = null
	sasl.login.connect.timeout.ms = null
	sasl.login.read.timeout.ms = null
	sasl.login.refresh.buffer.seconds = 300
	sasl.login.refresh.min.period.seconds = 60
	sasl.login.refresh.window.factor = 0.8
	sasl.login.refresh.window.jitter = 0.05
	sasl.login.retry.backoff.max.ms = 10000
	sasl.login.retry.backoff.ms = 100
	sasl.mechanism = GSSAPI
	sasl.oauthbearer.clock.skew.seconds = 30
	sasl.oauthbearer.expected.audience = null
	sasl.oauthbearer.expected.issuer = null
	sasl.oauthbearer.jwks.endpoint.refresh.ms = 3600000
	sasl.oauthbearer.jwks.endpoint.retry.backoff.max.ms = 10000
	sasl.oauthbearer.jwks.endpoint.retry.backoff.ms = 100
	sasl.oauthbearer.jwks.endpoint.url = null
	sasl.oauthbearer.scope.claim.name = scope
	sasl.oauthbearer.sub.claim.name = sub
	sasl.oauthbearer.token.endpoint.url = null
	security.protocol = PLAINTEXT
	security.providers = null
	send.buffer.bytes = 131072
	session.timeout.ms = 45000
	socket.connection.setup.timeout.max.ms = 30000
	socket.connection.setup.timeout.ms = 10000
	ssl.cipher.suites = null
	ssl.enabled.protocols = [TLSv1.2, TLSv1.3]
	ssl.endpoint.identification.algorithm = https
	ssl.engine.factory.class = null
	ssl.key.password = null
	ssl.keymanager.algorithm = SunX509
	ssl.keystore.certificate.chain = null
	ssl.keystore.key = null
	ssl.keystore.location = null
	ssl.keystore.password = null
	ssl.keystore.type = JKS
	ssl.protocol = TLSv1.3
	ssl.provider = null
	ssl.secure.random.implementation = null
	ssl.trustmanager.algorithm = PKIX
	ssl.truststore.certificates = null
	ssl.truststore.location = null
	ssl.truststore.password = null
	ssl.truststore.type = JKS
	value.deserializer = class org.apache.kafka.common.serialization.StringDeserializer

22:28:59.869 [main] INFO  o.a.k.c.t.i.KafkaMetricsCollector - initializing Kafka metrics collector
22:28:59.881 [main] INFO  o.a.kafka.common.utils.AppInfoParser - Kafka version: 3.7.0
22:28:59.881 [main] INFO  o.a.kafka.common.utils.AppInfoParser - Kafka commitId: 2ae524ed625438c5
22:28:59.881 [main] INFO  o.a.kafka.common.utils.AppInfoParser - Kafka startTimeMs: 1771817339881
22:28:59.881 [main] INFO  o.a.k.c.c.i.LegacyKafkaConsumer - [Consumer clientId=consumer-test-consumer-1, groupId=test-consumer] Subscribed to topic(s): military_flights
22:28:59.885 [main] INFO  org.apache.kafka.clients.Metadata - [Consumer clientId=consumer-test-consumer-1, groupId=test-consumer] Cluster ID: LBgqrEC2QAG68GUi_jLv4w
22:29:00.002 [main] INFO  o.a.k.c.c.i.ConsumerCoordinator - [Consumer clientId=consumer-test-consumer-1, groupId=test-consumer] Discovered group coordinator localhost:63842 (id: 2147483646 rack: null)
22:29:00.005 [main] INFO  o.a.k.c.c.i.ConsumerCoordinator - [Consumer clientId=consumer-test-consumer-1, groupId=test-consumer] (Re-)joining group
22:29:00.014 [main] INFO  o.a.k.c.c.i.ConsumerCoordinator - [Consumer clientId=consumer-test-consumer-1, groupId=test-consumer] Request joining group due to: need to re-join with the given member-id: consumer-test-consumer-1-9cbc15fb-641e-40e8-8326-72a47ee83d3f
22:29:00.014 [main] INFO  o.a.k.c.c.i.ConsumerCoordinator - [Consumer clientId=consumer-test-consumer-1, groupId=test-consumer] (Re-)joining group
22:29:00.022 [main] INFO  o.a.k.c.c.i.ConsumerCoordinator - [Consumer clientId=consumer-test-consumer-1, groupId=test-consumer] Successfully joined group with generation Generation{generationId=1, memberId='consumer-test-consumer-1-9cbc15fb-641e-40e8-8326-72a47ee83d3f', protocol='range'}
22:29:00.025 [main] INFO  o.a.k.c.c.i.ConsumerCoordinator - [Consumer clientId=consumer-test-consumer-1, groupId=test-consumer] Finished assignment for group at generation 1: {consumer-test-consumer-1-9cbc15fb-641e-40e8-8326-72a47ee83d3f=Assignment(partitions=[military_flights-0])}
22:29:00.034 [main] INFO  o.a.k.c.c.i.ConsumerCoordinator - [Consumer clientId=consumer-test-consumer-1, groupId=test-consumer] Successfully synced group in generation Generation{generationId=1, memberId='consumer-test-consumer-1-9cbc15fb-641e-40e8-8326-72a47ee83d3f', protocol='range'}
22:29:00.035 [main] INFO  o.a.k.c.c.i.ConsumerCoordinator - [Consumer clientId=consumer-test-consumer-1, groupId=test-consumer] Notifying assignor about the new Assignment(partitions=[military_flights-0])
22:29:00.036 [main] INFO  o.a.k.c.c.i.ConsumerRebalanceListenerInvoker - [Consumer clientId=consumer-test-consumer-1, groupId=test-consumer] Adding newly assigned partitions: military_flights-0
22:29:00.042 [main] INFO  o.a.k.c.c.i.ConsumerCoordinator - [Consumer clientId=consumer-test-consumer-1, groupId=test-consumer] Found no committed offset for partition military_flights-0
22:29:00.048 [main] INFO  o.a.k.c.c.i.SubscriptionState - [Consumer clientId=consumer-test-consumer-1, groupId=test-consumer] Resetting offset for partition military_flights-0 to position FetchPosition{offset=0, offsetEpoch=Optional.empty, currentLeader=LeaderAndEpoch{leader=Optional[localhost:63842 (id: 1 rack: null)], epoch=0}}.
22:29:00.071 [main] INFO  o.a.k.c.c.i.ConsumerRebalanceListenerInvoker - [Consumer clientId=consumer-test-consumer-1, groupId=test-consumer] Revoke previously assigned partitions military_flights-0
22:29:00.071 [main] INFO  o.a.k.c.c.i.ConsumerCoordinator - [Consumer clientId=consumer-test-consumer-1, groupId=test-consumer] Member consumer-test-consumer-1-9cbc15fb-641e-40e8-8326-72a47ee83d3f sending LeaveGroup request to coordinator localhost:63842 (id: 2147483646 rack: null) due to the consumer is being closed
22:29:00.071 [main] INFO  o.a.k.c.c.i.ConsumerCoordinator - [Consumer clientId=consumer-test-consumer-1, groupId=test-consumer] Resetting generation and member id due to: consumer pro-actively leaving the group
22:29:00.071 [main] INFO  o.a.k.c.c.i.ConsumerCoordinator - [Consumer clientId=consumer-test-consumer-1, groupId=test-consumer] Request joining group due to: consumer pro-actively leaving the group
22:29:00.580 [main] INFO  o.a.kafka.common.metrics.Metrics - Metrics scheduler closed
22:29:00.580 [main] INFO  o.a.kafka.common.metrics.Metrics - Closing reporter org.apache.kafka.common.metrics.JmxReporter
22:29:00.580 [main] INFO  o.a.kafka.common.metrics.Metrics - Closing reporter org.apache.kafka.common.telemetry.internals.ClientTelemetryReporter
22:29:00.581 [main] INFO  o.a.kafka.common.metrics.Metrics - Metrics reporters closed
22:29:00.585 [main] INFO  o.a.kafka.common.utils.AppInfoParser - App info kafka.consumer for consumer-test-consumer-1 unregistered
]]></system-out>
  </testcase>
</testsuite>