<?xml version="1.0" encoding="UTF-8"?>
<testsuite xmlns:xsi="http://www.w3.org/2001/XMLSchema-instance" xsi:noNamespaceSchemaLocation="https://maven.apache.org/surefire/maven-surefire-plugin/xsd/surefire-test-report-3.0.xsd" version="3.0" name="com.military.ingestor.FlightRecordMapperTest" time="0.121" tests="3" errors="0" skipped="0" failures="0">
  <properties>
[...]
</properties>
  <testcase name="fromJson_valid_returnsFlightRecord" classname="com.military.ingestor.FlightRecordMapperTest" time="0.013"/>
  <testcase name="fromJson_missingHex_returnsNull" classname="com.military.ingestor.FlightRecordMapperTest" time="0.001"/>
  <testcase name="fromJson_altBaroGround_handlesGracefully" classname="com.military.ingestor.FlightRecordMapperTest" time="0.001"/>
</testsuite>