<?xml version="1.0" encoding="UTF-8"?>
<testsuite xmlns:xsi="http://www.w3.org/2001/XMLSchema-instance" xsi:noNamespaceSchemaLocation="https://maven.apache.org/surefire/maven-surefire-plugin/xsd/surefire-test-report-3.0.xsd" version="3.0" name="com.military.ingestor.KafkaConsumerServiceIntegrationTest" time="3.884" tests="1" errors="0" skipped="0" failures="0">
  <properties>
[...]
</properties>
  <testcase name="consumeFromKafka_insertsIntoPostgres" classname="com.military.ingestor.KafkaConsumerServiceIntegrationTest" time="0.917">
    <system-out><![CDATA[22:29:02.708 [main] INFO  tc.confluentinc/cp-kafka:7.5.0 - Creating container for image: confluentinc/cp-kafka:7.5.0
22:29:02.742 [main] INFO  tc.confluentinc/cp-kafka:7.5.0 - Container confluentinc/cp-kafka:7.5.0 is starting: d64b0af60721eebb749898b684b4f12470a1b8f70e07dc2259707a9b4d55222c
22:29:04.522 [main] INFO  tc.confluentinc/cp-kafka:7.5.0 - Container confluentinc/cp-kafka:7.5.0 started in PT1.813918S
22:29:04.522 [main] INFO  tc.postgres:16-alpine - Creating container for image: postgres:16-alpine
22:29:04.551 [main] INFO  tc.postgres:16-alpine - Container postgres:16-alpine is starting: 7c3a4300ab15f1ae50d5716b6eac00d2b5b49a7d1deaf1010bf83268ce63fcd3
22:29:05.213 [main] INFO  tc.postgres:16-alpine - Container postgres:16-alpine started in PT0.691058S
22:29:05.214 [main] INFO  tc.postgres:16-alpine - Container is started (JDBC URL: jdbc:postgresql://localhost:63859/military_watcher?loggerLevel=OFF)
22:29:05.214 [main] INFO  org.testcontainers.ext.ScriptUtils - Executing database script from init.sql
22:29:05.240 [main] INFO  org.testcontainers.ext.ScriptUtils - Executed database script from init.sql in 25 ms.
22:29:05.257 [main] INFO  o.a.k.c.producer.ProducerConfig - ProducerConfig values: 
	acks = -1
	auto.include.jmx.reporter = true
	batch.size = 16384
	bootstrap.servers = [PLAINTEXT://localhost:63855]
	buffer.memory = 33554432
	client.dns.lookup = use_all_dns_ips
	client.id = producer-1
	compression.type = none
	connections.max.idle.ms = 540000
	delivery.timeout.ms = 120000
	enable.idempotence = true
	enable.metrics.push = true
	interceptor.classes = []
	key.serializer = class org.apache.kafka.common.serialization.StringSerializer
	linger.ms = 0
	max.block.ms = 60000
	max.in.flight.requests.per.connection = 5
	max.request.size = 1048576
	metadata.max.age.ms = 300000
	metadata.max.idle.ms = 300000
	metric.reporters = []
	metrics.num.samples = 2
	metrics.recording.level = INFO
	metrics.sample.window.ms = 30000
	partitioner.adaptive.partitioning.enable = true
	partitioner.availability.timeout.ms = 0
	partitioner.class = null
	partitioner.ignore.keys = false
	receive.buffer.bytes = 32768
	reconnect.backoff.max.ms = 1000
	reconnect.backoff.ms = 50
	request.timeout.ms = 30000
	retries = 2147483647
	retry.backoff.max.ms = 1000
	retry.backoff.ms = 100
	sasl.client.callback.handler.class = null
	sasl.jaas.config = null
	sasl.kerberos.kinit.cmd = /usr/bin/kinit
	sasl.kerberos.min.time.before.relogin = 60000
	sasl.kerberos.service.name = null
	sasl.kerberos.ticket.renew.jitter = 0.05
	sasl.kerberos.ticket.renew.window.factor = 0.8
	sasl.login.callback.handler.class = null
	sasl.login.class = null
	sasl.login.connect.timeout.ms = null
	sasl.login.read.timeout.ms = null
	sasl.login.refresh.buffer.seconds = 300
	sasl.login.refresh.min.period.seconds = 60
	sasl.login.refresh.window.factor = 0.8
	sasl.login.refresh.window.jitter = 0.05
	sasl.login.retry.backoff.max.ms = 10000
	sasl.login.retry.backoff.ms = 100
	sasl.mechanism = GSSAPI
	sasl.oauthbearer.clock.skew.seconds = 30
	sasl.oauthbearer.expected.audience = null
	sasl.oauthbearer.expected.issuer = null
	sasl.oauthbearer.jwks.endpoint.refresh.ms = 3600000
	sasl.oauthbearer.jwks.endpoint.retry.backoff.max.ms = 10000
	sasl.oauthbearer.jwks.endpoint.retry.backoff.ms = 100
	sasl.oauthbearer.jwks.endpoint.url = null
	sasl.oauthbearer.scope.claim.name = scope
	sasl.oauthbearer.sub.claim.name = sub
	sasl.oauthbearer.token.endpoint.url = null
	security.protocol = PLAINTEXT
	security.providers = null
	send.buffer.bytes = 131072
	socket.connection.setup.timeout.max.ms = 30000
	socket.connection.setup.timeout.ms = 10000
	ssl.cipher.suites = null
	ssl.enabled.protocols = [TLSv1.2, TLSv1.3]
	ssl.endpoint.identification.algorithm = https
	ssl.engine.factory.class = null
	ssl.key.password = null
	ssl.keymanager.algorithm = SunX509
	ssl.keystore.certificate.chain = null
	ssl.keystore.key = null
	ssl.keystore.location = null
	ssl.keystore.password = null
	ssl.keystore.type = JKS
	ssl.protocol = TLSv1.3
	ssl.provider = null
	ssl.secure.random.implementation = null
	ssl.trustmanager.algorithm = PKIX
	ssl.truststore.certificates = null
	ssl.truststore.location = null
	ssl.truststore.password = null
	ssl.truststore.type = JKS
	transaction.timeout.ms = 60000
	transactional.id = null
	value.serializer = class org.apache.kafka.common.serialization.StringSerializer

22:29:05.272 [main] INFO  o.a.k.c.t.i.KafkaMetricsCollector - initializing Kafka metrics collector
22:29:05.309 [main] INFO  o.a.k.clients.producer.KafkaProducer - [Producer clientId=producer-1] Instantiated an idempotent producer.
22:29:05.323 [main] INFO  o.a.kafka.common.utils.AppInfoParser - Kafka version: 3.7.0
22:29:05.323 [main] INFO  o.a.kafka.common.utils.AppInfoParser - Kafka commitId: 2ae524ed625438c5
22:29:05.323 [main] INFO  o.a.kafka.common.utils.AppInfoParser - Kafka startTimeMs: 1771817345322
22:29:05.446 [kafka-producer-network-thread | producer-1] WARN  o.apache.kafka.clients.NetworkClient - [Producer clientId=producer-1] Error while fetching metadata with correlation id 1 : {military_flights=LEADER_NOT_AVAILABLE}
22:29:05.446 [kafka-producer-network-thread | producer-1] INFO  org.apache.kafka.clients.Metadata - [Producer clientId=producer-1] Cluster ID: OoOku7NtR4ea-w00n8Bttg
22:29:05.466 [kafka-producer-network-thread | producer-1] INFO  o.a.k.c.p.i.TransactionManager - [Producer clientId=producer-1] ProducerId set to 0 with epoch 0
22:29:05.590 [main] INFO  o.a.k.clients.producer.KafkaProducer - [Producer clientId=producer-1] Closing the Kafka producer with timeoutMillis = 9223372036854775807 ms.
22:29:05.593 [main] INFO  o.a.kafka.common.metrics.Metrics - Metrics scheduler closed
22:29:05.593 [main] INFO  o.a.kafka.common.metrics.Metrics - Closing reporter org.apache.kafka.common.metrics.JmxReporter
22:29:05.593 [main] INFO  o.a.kafka.common.metrics.Metrics - Closing reporter org.apache.kafka.common.telemetry.internals.ClientTelemetryReporter
22:29:05.593 [main] INFO  o.a.kafka.common.metrics.Metrics - Metrics reporters closed
22:29:05.593 [main] INFO  o.a.kafka.common.utils.AppInfoParser - App info kafka.producer for producer-1 unregistered
22:29:05.597 [main] INFO  o.a.k.c.consumer.ConsumerConfig - ConsumerConfig values: 
	allow.auto.create.topics = true
	auto.commit.interval.ms = 5000
	auto.include.jmx.reporter = true
	auto.offset.reset = earliest
	bootstrap.servers = [PLAINTEXT://localhost:63855]
	check.crcs = true
	client.dns.lookup = use_all_dns_ips
	client.id = consumer-test-ingestor-1
	client.rack = 
	connections.max.idle.ms = 540000
	default.api.timeout.ms = 60000
	enable.auto.commit = false
	enable.metrics.push = true
	exclude.internal.topics = true
	fetch.max.bytes = 52428800
	fetch.max.wait.ms = 500
	fetch.min.bytes = 1
	group.id = test-ingestor
	group.instance.id = null
	group.protocol = classic
	group.remote.assignor = null
	heartbeat.interval.ms = 3000
	interceptor.classes = []
	internal.leave.group.on.close = true
	internal.throw.on.fetch.stable.offset.unsupported = false
	isolation.level = read_uncommitted
	key.deserializer = class org.apache.kafka.common.serialization.StringDeserializer
	max.partition.fetch.bytes = 1048576
	max.poll.interval.ms = 300000
	max.poll.records = 500
	metadata.max.age.ms = 300000
	metric.reporters = []
	metrics.num.samples = 2
	metrics.recording.level = INFO
	metrics.sample.window.ms = 30000
	partition.assignment.strategy = [class org.apache.kafka.clients.consumer.RangeAssignor, class org.apache.kafka.clients.consumer.CooperativeStickyAssignor]
	receive.buffer.bytes = 65536
	reconnect.backoff.max.ms = 1000
	reconnect.backoff.ms = 50
	request.timeout.ms = 30000
	retry.backoff.max.ms = 1000
	retry.backoff.ms = 100
	sasl.client.callback.handler.class = null
	sasl.jaas.config = null
	sasl.kerberos.kinit.cmd = /usr/bin/kinit
	sasl.kerberos.min.time.before.relogin = 60000
	sasl.kerberos.service.name = null
	sasl.kerberos.ticket.renew.jitter = 0.05
	sasl.kerberos.ticket.renew.window.factor = 0.8
	sasl.login.callback.handler.class = null
	sasl.login.class = null
	sasl.login.connect.timeout.ms = null
	sasl.login.read.timeout.ms = null
	sasl.login.refresh.buffer.seconds = 300
	sasl.login.refresh.min.period.seconds = 60
	sasl.login.refresh.window.factor = 0.8
	sasl.login.refresh.window.jitter = 0.05
	sasl.login.retry.backoff.max.ms = 10000
	sasl.login.retry.backoff.ms = 100
	sasl.mechanism = GSSAPI
	sasl.oauthbearer.clock.skew.seconds = 30
	sasl.oauthbearer.expected.audience = null
	sasl.oauthbearer.expected.issuer = null
	sasl.oauthbearer.jwks.endpoint.refresh.ms = 3600000
	sasl.oauthbearer.jwks.endpoint.retry.backoff.max.ms = 10000
	sasl.oauthbearer.jwks.endpoint.retry.backoff.ms = 100
	sasl.oauthbearer.jwks.endpoint.url = null
	sasl.oauthbearer.scope.claim.name = scope
	sasl.oauthbearer.sub.claim.name = sub
	sasl.oauthbearer.token.endpoint.url = null
	security.protocol = PLAINTEXT
	security.providers = null
	send.buffer.bytes = 131072
	session.timeout.ms = 45000
	socket.connection.setup.timeout.max.ms = 30000
	socket.connection.setup.timeout.ms = 10000
	ssl.cipher.suites = null
	ssl.enabled.protocols = [TLSv1.2, TLSv1.3]
	ssl.endpoint.identification.algorithm = https
	ssl.engine.factory.class = null
	ssl.key.password = null
	ssl.keymanager.algorithm = SunX509
	ssl.keystore.certificate.chain = null
	ssl.keystore.key = null
	ssl.keystore.location = null
	ssl.keystore.password = null
	ssl.keystore.type = JKS
	ssl.protocol = TLSv1.3
	ssl.provider = null
	ssl.secure.random.implementation = null
	ssl.trustmanager.algorithm = PKIX
	ssl.truststore.certificates = null
	ssl.truststore.location = null
	ssl.truststore.password = null
	ssl.truststore.type = JKS
	value.deserializer = class org.apache.kafka.common.serialization.StringDeserializer

22:29:05.601 [main] INFO  o.a.k.c.t.i.KafkaMetricsCollector - initializing Kafka metrics collector
22:29:05.613 [main] INFO  o.a.kafka.common.utils.AppInfoParser - Kafka version: 3.7.0
22:29:05.613 [main] INFO  o.a.kafka.common.utils.AppInfoParser - Kafka commitId: 2ae524ed625438c5
22:29:05.613 [main] INFO  o.a.kafka.common.utils.AppInfoParser - Kafka startTimeMs: 1771817345613
22:29:05.614 [main] INFO  o.a.k.c.c.i.LegacyKafkaConsumer - [Consumer clientId=consumer-test-ingestor-1, groupId=test-ingestor] Subscribed to topic(s): military_flights
22:29:05.614 [Thread-5] INFO  c.m.ingestor.KafkaConsumerService - Starting Kafka consumer for military_flights
22:29:05.619 [Thread-5] INFO  org.apache.kafka.clients.Metadata - [Consumer clientId=consumer-test-ingestor-1, groupId=test-ingestor] Cluster ID: OoOku7NtR4ea-w00n8Bttg
22:29:05.757 [Thread-5] INFO  o.a.k.c.c.i.ConsumerCoordinator - [Consumer clientId=consumer-test-ingestor-1, groupId=test-ingestor] Discovered group coordinator localhost:63855 (id: 2147483646 rack: null)
22:29:05.759 [Thread-5] INFO  o.a.k.c.c.i.ConsumerCoordinator - [Consumer clientId=consumer-test-ingestor-1, groupId=test-ingestor] (Re-)joining group
22:29:05.771 [Thread-5] INFO  o.a.k.c.c.i.ConsumerCoordinator - [Consumer clientId=consumer-test-ingestor-1, groupId=test-ingestor] Request joining group due to: need to re-join with the given member-id: consumer-test-ingestor-1-b5d3a66e-c968-43d9-b1ea-48e6cdd7c2fc
22:29:05.772 [Thread-5] INFO  o.a.k.c.c.i.ConsumerCoordinator - [Consumer clientId=consumer-test-ingestor-1, groupId=test-ingestor] (Re-)joining group
22:29:05.780 [Thread-5] INFO  o.a.k.c.c.i.ConsumerCoordinator - [Consumer clientId=consumer-test-ingestor-1, groupId=test-ingestor] Successfully joined group with generation Generation{generationId=1, memberId='consumer-test-ingestor-1-b5d3a66e-c968-43d9-b1ea-48e6cdd7c2fc', protocol='range'}
22:29:05.782 [Thread-5] INFO  o.a.k.c.c.i.ConsumerCoordinator - [Consumer clientId=consumer-test-ingestor-1, groupId=test-ingestor] Finished assignment for group at generation 1: {consumer-test-ingestor-1-b5d3a66e-c968-43d9-b1ea-48e6cdd7c2fc=Assignment(partitions=[military_flights-0])}
22:29:05.791 [Thread-5] INFO  o.a.k.c.c.i.ConsumerCoordinator - [Consumer clientId=consumer-test-ingestor-1, groupId=test-ingestor] Successfully synced group in generation Generation{generationId=1, memberId='consumer-test-ingestor-1-b5d3a66e-c968-43d9-b1ea-48e6cdd7c2fc', protocol='range'}
22:29:05.791 [Thread-5] INFO  o.a.k.c.c.i.ConsumerCoordinator - [Consumer clientId=consumer-test-ingestor-1, groupId=test-ingestor] Notifying assignor about the new Assignment(partitions=[military_flights-0])
22:29:05.792 [Thread-5] INFO  o.a.k.c.c.i.ConsumerRebalanceListenerInvoker - [Consumer clientId=consumer-test-ingestor-1, groupId=test-ingestor] Adding newly assigned partitions: military_flights-0
22:29:05.798 [Thread-5] INFO  o.a.k.c.c.i.ConsumerCoordinator - [Consumer clientId=consumer-test-ingestor-1, groupId=test-ingestor] Found no committed offset for partition military_flights-0
22:29:05.802 [Thread-5] INFO  o.a.k.c.c.i.SubscriptionState - [Consumer clientId=consumer-test-ingestor-1, groupId=test-ingestor] Resetting offset for partition military_flights-0 to position FetchPosition{offset=0, offsetEpoch=Optional.empty, currentLeader=LeaderAndEpoch{leader=Optional[localhost:63855 (id: 1 rack: null)], epoch=0}}.
]]></system-out>
  </testcase>
</testsuite>